#
# There is insufficient memory for the Java Runtime Environment to continue.
# Native memory allocation (malloc) failed to allocate 1048576 bytes. Error detail: AllocateHeap
# Possible reasons:
#   The system is out of physical RAM or swap space
#   This process is running with CompressedOops enabled, and the Java Heap may be blocking the growth of the native heap
# Possible solutions:
#   Reduce memory load on the system
#   Increase physical memory or swap space
#   Check if swap backing store is full
#   Decrease Java heap size (-Xmx/-Xms)
#   Decrease number of Java threads
#   Decrease Java thread stack sizes (-Xss)
#   Set larger code cache with -XX:ReservedCodeCacheSize=
#   JVM is running with Unscaled Compressed Oops mode in which the Java heap is
#     placed in the first 4GB address space. The Java Heap base address is the
#     maximum limit for the native heap growth. Please use -XX:HeapBaseMinAddress
#     to set the Java Heap base and to place the Java Heap above 4GB virtual address.
# This output file may be truncated or incomplete.
#
#  Out of Memory Error (allocation.cpp:44), pid=9560, tid=14672
#
# JRE version: OpenJDK Runtime Environment Temurin-21.0.9+10 (21.0.9+10) (build 21.0.9+10-LTS)
# Java VM: OpenJDK 64-Bit Server VM Temurin-21.0.9+10 (21.0.9+10-LTS, mixed mode, sharing, tiered, compressed oops, compressed class ptrs, parallel gc, windows-amd64)
# No core dump will be written. Minidumps are not enabled by default on client versions of Windows
#

---------------  S U M M A R Y ------------

Command Line: --add-modules=ALL-SYSTEM --add-opens=java.base/java.util=ALL-UNNAMED --add-opens=java.base/java.lang=ALL-UNNAMED --add-opens=java.base/sun.nio.fs=ALL-UNNAMED -Declipse.application=org.eclipse.jdt.ls.core.id1 -Dosgi.bundles.defaultStartLevel=4 -Declipse.product=org.eclipse.jdt.ls.core.product -Djava.import.generatesMetadataFilesAtProjectRoot=false -DDetectVMInstallationsJob.disabled=true -Dfile.encoding=utf8 -XX:+UseParallelGC -XX:GCTimeRatio=4 -XX:AdaptiveSizePolicyWeight=90 -Dsun.zip.disableMemoryMapping=true -Xmx2G -Xms100m -Xlog:disable -javaagent:c:\Users\jhonn\.vscode\extensions\redhat.java-1.52.0-win32-x64\lombok\lombok-1.18.39-4050.jar -XX:+HeapDumpOnOutOfMemoryError -XX:HeapDumpPath=c:\Users\jhonn\AppData\Roaming\Code\User\workspaceStorage\135f66da115cfd82bd74ce529e3da48a\redhat.java -Daether.dependencyCollector.impl=bf c:\Users\jhonn\.vscode\extensions\redhat.java-1.52.0-win32-x64\server\plugins\org.eclipse.equinox.launcher_1.7.100.v20251111-0406.jar -configuration c:\Users\jhonn\AppData\Roaming\Code\User\globalStorage\redhat.java\1.52.0\config_win -data c:\Users\jhonn\AppData\Roaming\Code\User\workspaceStorage\135f66da115cfd82bd74ce529e3da48a\redhat.java\jdt_ws --pipe=\\.\pipe\lsp-e81d81a3cbf58e60f2f6049d10637f23-sock

Host: Intel(R) Core(TM) i3-6100U CPU @ 2.30GHz, 4 cores, 3G,  Windows 10 , 64 bit Build 19041 (10.0.19041.5915)
Time: Tue Feb 24 22:41:09 2026 Malay Peninsula Standard Time elapsed time: 14427.380234 seconds (0d 4h 0m 27s)

---------------  T H R E A D  ---------------

Current thread (0x00000222214b92a0):  JavaThread "Attach Listener" daemon [_thread_in_vm, id=14672, stack(0x0000005069c00000,0x0000005069d00000) (1024K)]

Stack: [0x0000005069c00000,0x0000005069d00000]
Native frames: (J=compiled Java code, j=interpreted, Vv=VM code, C=native code)
V  [jvm.dll+0x6d6e29]
V  [jvm.dll+0x8b4b76]
V  [jvm.dll+0x8b712e]
V  [jvm.dll+0x8b7813]
V  [jvm.dll+0x283d86]
V  [jvm.dll+0xc1277]
V  [jvm.dll+0x6d76d9]
V  [jvm.dll+0x133466]
V  [jvm.dll+0x3f7ea6]
V  [jvm.dll+0x85e9ad]
V  [jvm.dll+0x6d565d]
C  [ucrtbase.dll+0x21bb2]
C  [KERNEL32.DLL+0x17374]
C  [ntdll.dll+0x4cc91]


---------------  P R O C E S S  ---------------

Threads class SMR info:
_java_thread_list=0x0000022263923580, length=38, elements={
0x000002220aacee60, 0x00000222214b3740, 0x00000222214b4d80, 0x00000222214b8650,
0x00000222214b92a0, 0x00000222214bbe00, 0x00000222214bc850, 0x00000222214bd680,
0x0000022221533790, 0x00000222633cf970, 0x00000222634789d0, 0x0000022263a82d30,
0x00000222639d2320, 0x00000222639ebfe0, 0x00000222639eb160, 0x00000222635b9310,
0x0000022263dd9df0, 0x0000022263c95560, 0x0000022263c98350, 0x0000022263c96280,
0x000002226a935b20, 0x000002226a931980, 0x000002226a930c60, 0x000002226a934770,
0x000002226a936840, 0x000002226a9305d0, 0x000002226a932010, 0x000002226a9312f0,
0x000002226a936ed0, 0x000002226a9326a0, 0x000002226a932d30, 0x000002226a92ff40,
0x000002226a9333c0, 0x000002226a9340e0, 0x000002226a9361b0, 0x0000022263c95bf0,
0x000002226a937560, 0x0000022263c96fa0
}

Java Threads: ( => current thread )
  0x000002220aacee60 JavaThread "main"                              [_thread_blocked, id=7272, stack(0x0000005069500000,0x0000005069600000) (1024K)]
  0x00000222214b3740 JavaThread "Reference Handler"          daemon [_thread_blocked, id=10844, stack(0x0000005069900000,0x0000005069a00000) (1024K)]
  0x00000222214b4d80 JavaThread "Finalizer"                  daemon [_thread_blocked, id=13200, stack(0x0000005069a00000,0x0000005069b00000) (1024K)]
  0x00000222214b8650 JavaThread "Signal Dispatcher"          daemon [_thread_blocked, id=11548, stack(0x0000005069b00000,0x0000005069c00000) (1024K)]
=>0x00000222214b92a0 JavaThread "Attach Listener"            daemon [_thread_in_vm, id=14672, stack(0x0000005069c00000,0x0000005069d00000) (1024K)]
  0x00000222214bbe00 JavaThread "Service Thread"             daemon [_thread_blocked, id=7224, stack(0x0000005069d00000,0x0000005069e00000) (1024K)]
  0x00000222214bc850 JavaThread "Monitor Deflation Thread"   daemon [_thread_blocked, id=11072, stack(0x0000005069e00000,0x0000005069f00000) (1024K)]
  0x00000222214bd680 JavaThread "C2 CompilerThread0"         daemon [_thread_blocked, id=9616, stack(0x0000005069f00000,0x000000506a000000) (1024K)]
  0x0000022221533790 JavaThread "C1 CompilerThread0"         daemon [_thread_blocked, id=13732, stack(0x000000506a000000,0x000000506a100000) (1024K)]
  0x00000222633cf970 JavaThread "Common-Cleaner"             daemon [_thread_blocked, id=17004, stack(0x000000506a100000,0x000000506a200000) (1024K)]
  0x00000222634789d0 JavaThread "Notification Thread"        daemon [_thread_blocked, id=8352, stack(0x000000506a200000,0x000000506a300000) (1024K)]
  0x0000022263a82d30 JavaThread "Active Thread: Equinox Container: 6c92a7fb-fc90-4f2b-8223-45a178fb4c76"        [_thread_blocked, id=14064, stack(0x000000506a600000,0x000000506a700000) (1024K)]
  0x00000222639d2320 JavaThread "Refresh Thread: Equinox Container: 6c92a7fb-fc90-4f2b-8223-45a178fb4c76" daemon [_thread_blocked, id=5016, stack(0x000000506a700000,0x000000506a800000) (1024K)]
  0x00000222639ebfe0 JavaThread "Framework Event Dispatcher: Equinox Container: 6c92a7fb-fc90-4f2b-8223-45a178fb4c76" daemon [_thread_blocked, id=7372, stack(0x000000506a800000,0x000000506a900000) (1024K)]
  0x00000222639eb160 JavaThread "Start Level: Equinox Container: 6c92a7fb-fc90-4f2b-8223-45a178fb4c76" daemon [_thread_blocked, id=5484, stack(0x000000506a900000,0x000000506aa00000) (1024K)]
  0x00000222635b9310 JavaThread "Bundle File Closer"         daemon [_thread_blocked, id=7100, stack(0x000000506aa00000,0x000000506ab00000) (1024K)]
  0x0000022263dd9df0 JavaThread "SCR Component Actor"        daemon [_thread_blocked, id=9948, stack(0x000000506ab00000,0x000000506ac00000) (1024K)]
  0x0000022263c95560 JavaThread "Worker-JM"                         [_thread_blocked, id=9480, stack(0x000000506ac00000,0x000000506ad00000) (1024K)]
  0x0000022263c98350 JavaThread "Java indexing"              daemon [_thread_blocked, id=8248, stack(0x000000506b200000,0x000000506b300000) (1024K)]
  0x0000022263c96280 JavaThread "JNA Cleaner"                daemon [_thread_blocked, id=9952, stack(0x000000506b300000,0x000000506b400000) (1024K)]
  0x000002226a935b20 JavaThread "Thread-1"                   daemon [_thread_in_native, id=17040, stack(0x000000506b800000,0x000000506b900000) (1024K)]
  0x000002226a931980 JavaThread "Thread-2"                   daemon [_thread_in_native, id=15648, stack(0x000000506b900000,0x000000506ba00000) (1024K)]
  0x000002226a930c60 JavaThread "Thread-3"                   daemon [_thread_in_native, id=6628, stack(0x000000506ba00000,0x000000506bb00000) (1024K)]
  0x000002226a934770 JavaThread "Thread-4"                   daemon [_thread_in_native, id=4320, stack(0x000000506bb00000,0x000000506bc00000) (1024K)]
  0x000002226a936840 JavaThread "Thread-5"                   daemon [_thread_in_native, id=5976, stack(0x000000506bc00000,0x000000506bd00000) (1024K)]
  0x000002226a9305d0 JavaThread "pool-2-thread-1"                   [_thread_blocked, id=2968, stack(0x000000506bd00000,0x000000506be00000) (1024K)]
  0x000002226a932010 JavaThread "WorkspaceEventsHandler"            [_thread_blocked, id=14940, stack(0x000000506be00000,0x000000506bf00000) (1024K)]
  0x000002226a9312f0 JavaThread "pool-1-thread-1"                   [_thread_blocked, id=3420, stack(0x000000506bf00000,0x000000506c000000) (1024K)]
  0x000002226a936ed0 JavaThread "Timer-0"                           [_thread_blocked, id=3864, stack(0x000000506c000000,0x000000506c100000) (1024K)]
  0x000002226a9326a0 JavaThread "Timer-1"                           [_thread_blocked, id=2448, stack(0x000000506b000000,0x000000506b100000) (1024K)]
  0x000002226a932d30 JavaThread "Timer-2"                           [_thread_blocked, id=2708, stack(0x000000506c100000,0x000000506c200000) (1024K)]
  0x000002226a92ff40 JavaThread "Timer-3"                           [_thread_blocked, id=6848, stack(0x000000506c200000,0x000000506c300000) (1024K)]
  0x000002226a9333c0 JavaThread "Timer-4"                           [_thread_blocked, id=6252, stack(0x000000506c300000,0x000000506c400000) (1024K)]
  0x000002226a9340e0 JavaThread "Timer-5"                           [_thread_blocked, id=3396, stack(0x0000005069400000,0x0000005069500000) (1024K)]
  0x000002226a9361b0 JavaThread "Timer-6"                           [_thread_blocked, id=10528, stack(0x000000506ae00000,0x000000506af00000) (1024K)]
  0x0000022263c95bf0 JavaThread "Worker-6"                          [_thread_blocked, id=15940, stack(0x000000506af00000,0x000000506b000000) (1024K)]
  0x000002226a937560 JavaThread "Timer-7"                           [_thread_blocked, id=6772, stack(0x000000506b400000,0x000000506b500000) (1024K)]
  0x0000022263c96fa0 JavaThread "Worker-8"                          [_thread_blocked, id=11660, stack(0x000000506b500000,0x000000506b600000) (1024K)]
Total: 38

Other Threads:
  0x000002222149a930 VMThread "VM Thread"                           [id=12580, stack(0x0000005069800000,0x0000005069900000) (1024K)]
  0x000002220ab92970 WatcherThread "VM Periodic Task Thread"        [id=15020, stack(0x0000005069700000,0x0000005069800000) (1024K)]
  0x000002220aaebb00 WorkerThread "GC Thread#0"                     [id=12248, stack(0x0000005069600000,0x0000005069700000) (1024K)]
  0x000002226369b7a0 WorkerThread "GC Thread#1"                     [id=11028, stack(0x000000506a300000,0x000000506a400000) (1024K)]
  0x000002226369bb40 WorkerThread "GC Thread#2"                     [id=5780, stack(0x000000506a400000,0x000000506a500000) (1024K)]
  0x000002226369bee0 WorkerThread "GC Thread#3"                     [id=5520, stack(0x000000506a500000,0x000000506a600000) (1024K)]
Total: 6

Threads with active compile tasks:
Total: 0

VM state: not at safepoint (normal execution)

VM Mutex/Monitor currently owned by a thread: None

Heap address: 0x0000000080000000, size: 2048 MB, Compressed Oops mode: 32-bit

CDS archive(s) mapped at: [0x0000022222000000-0x0000022222ba0000-0x0000022222ba0000), size 12189696, SharedBaseAddress: 0x0000022222000000, ArchiveRelocationMode: 1.
Compressed class space mapped at: 0x0000022223000000-0x0000022263000000, reserved size: 1073741824
Narrow klass base: 0x0000022222000000, Narrow klass shift: 0, Narrow klass range: 0x100000000

GC Precious Log:
 CardTable entry size: 512
 CPUs: 4 total, 4 available
 Memory: 4027M
 Large Page Support: Disabled
 NUMA Support: Disabled
 Compressed Oops: Enabled (32-bit)
 Alignments: Space 512K, Generation 512K, Heap 2M
 Heap Min Capacity: 100M
 Heap Initial Capacity: 100M
 Heap Max Capacity: 2G
 Pre-touch: Disabled
 Parallel Workers: 4

Heap:
 PSYoungGen      total 23552K, used 12917K [0x00000000d5580000, 0x00000000d6e80000, 0x0000000100000000)
  eden space 21504K, 56% used [0x00000000d5580000,0x00000000d615e560,0x00000000d6a80000)
  from space 2048K, 37% used [0x00000000d6a80000,0x00000000d6b3eee8,0x00000000d6c80000)
  to   space 1536K, 0% used [0x00000000d6d00000,0x00000000d6d00000,0x00000000d6e80000)
 ParOldGen       total 68608K, used 42451K [0x0000000080000000, 0x0000000084300000, 0x00000000d5580000)
  object space 68608K, 61% used [0x0000000080000000,0x0000000082974c60,0x0000000084300000)
 Metaspace       used 65391K, committed 66944K, reserved 1114112K
  class space    used 8273K, committed 8960K, reserved 1048576K

Card table byte_map: [0x000002220a490000,0x000002220a8a0000] _byte_map_base: 0x000002220a090000

Marking Bits: (ParMarkBitMap*) 0x00007ff877932460
 Begin Bits: [0x000002221cf90000, 0x000002221ef90000)
 End Bits:   [0x000002221ef90000, 0x0000022220f90000)

Polling page: 0x00000222089d0000

Metaspace:

Usage:
  Non-class:     55.78 MB used.
      Class:      8.08 MB used.
       Both:     63.86 MB used.

Virtual space:
  Non-class space:       64.00 MB reserved,      56.62 MB ( 88%) committed,  1 nodes.
      Class space:        1.00 GB reserved,       8.75 MB ( <1%) committed,  1 nodes.
             Both:        1.06 GB reserved,      65.38 MB (  6%) committed. 

Chunk freelists:
   Non-Class:  7.06 MB
       Class:  7.29 MB
        Both:  14.35 MB

MaxMetaspaceSize: unlimited
CompressedClassSpaceSize: 1.00 GB
Initial GC threshold: 21.00 MB
Current GC threshold: 97.31 MB
CDS: on
 - commit_granule_bytes: 65536.
 - commit_granule_words: 8192.
 - virtual_space_node_default_size: 8388608.
 - enlarge_chunks_in_place: 1.
 - use_allocation_guard: 0.


Internal statistics:

num_allocs_failed_limit: 11.
num_arena_births: 1300.
num_arena_deaths: 20.
num_vsnodes_births: 2.
num_vsnodes_deaths: 0.
num_space_committed: 1046.
num_space_uncommitted: 0.
num_chunks_returned_to_freelist: 33.
num_chunks_taken_from_freelist: 4270.
num_chunk_merges: 17.
num_chunk_splits: 2687.
num_chunks_enlarged: 1608.
num_inconsistent_stats: 0.

CodeHeap 'non-profiled nmethods': size=120000Kb used=4419Kb max_used=4419Kb free=115581Kb
 bounds [0x00000222157b0000, 0x0000022215c10000, 0x000002221cce0000]
CodeHeap 'profiled nmethods': size=120000Kb used=15096Kb max_used=15096Kb free=104903Kb
 bounds [0x000002220dce0000, 0x000002220eba0000, 0x0000022215210000]
CodeHeap 'non-nmethods': size=5760Kb used=1394Kb max_used=1478Kb free=4365Kb
 bounds [0x0000022215210000, 0x0000022215480000, 0x00000222157b0000]
CodeCache: size=245760Kb, used=20909Kb, max_used=20993Kb, free=224849Kb
 total_blobs=8185, nmethods=7488, adapters=603, full_count=0
Compilation: enabled, stopped_count=0, restarted_count=0

Compilation events (20 events):
Event: 13770.275 Thread 0x0000022221533790 8194       3       org.eclipse.core.internal.jobs.JobQueue::isEmpty (18 bytes)
Event: 13770.333 Thread 0x0000022221533790 nmethod 8194 0x000002220eb96710 code [0x000002220eb968c0, 0x000002220eb96a50]
Event: 13830.312 Thread 0x0000022221533790 8195   !   3       org.eclipse.core.internal.jobs.JobManager::sleepHint (67 bytes)
Event: 13830.408 Thread 0x0000022221533790 nmethod 8195 0x000002220eb96b10 code [0x000002220eb96d80, 0x000002220eb97850]
Event: 13988.846 Thread 0x00000222214bd680 8196       4       org.eclipse.osgi.container.ModuleDatabase::readLock (11 bytes)
Event: 13990.782 Thread 0x00000222214bd680 nmethod 8196 0x0000022215bfec10 code [0x0000022215bfede0, 0x0000022215bff1a0]
Event: 14099.359 Thread 0x00000222214bd680 8197       4       jdk.internal.misc.VM::isSystemDomainLoader (17 bytes)
Event: 14099.421 Thread 0x00000222214bd680 nmethod 8197 0x0000022215bff590 code [0x0000022215bff720, 0x0000022215bff7a8]
Event: 14170.890 Thread 0x0000022221533790 8198       1       org.eclipse.osgi.internal.location.BasicLocation::isReadOnly (5 bytes)
Event: 14170.918 Thread 0x0000022221533790 nmethod 8198 0x0000022215bff890 code [0x0000022215bffa20, 0x0000022215bffaf0]
Event: 14219.878 Thread 0x0000022221533790 8199       3       java.lang.ThreadLocal$ThreadLocalMap::expungeStaleEntry (146 bytes)
Event: 14219.906 Thread 0x0000022221533790 nmethod 8199 0x000002220eb97d10 code [0x000002220eb97f40, 0x000002220eb98b80]
Event: 14221.697 Thread 0x0000022221533790 8200       3       com.google.gson.internal.GsonTypes::resolve (510 bytes)
Event: 14221.728 Thread 0x0000022221533790 nmethod 8200 0x000002220eb98f10 code [0x000002220eb99440, 0x000002220eb9c458]
Event: 14221.776 Thread 0x00000222214bd680 8201       4       java.lang.invoke.BoundMethodHandle::makeReinvoker (27 bytes)
Event: 14221.791 Thread 0x0000022221533790 8203       3       com.google.gson.stream.JsonWriter::closeScope (95 bytes)
Event: 14221.800 Thread 0x0000022221533790 nmethod 8203 0x000002220eb9d290 code [0x000002220eb9d520, 0x000002220eb9df58]
Event: 14221.856 Thread 0x00000222214bd680 nmethod 8201 0x0000022215bffb90 code [0x0000022215bffd60, 0x0000022215bfffe8]
Event: 14221.856 Thread 0x00000222214bd680 8202   !   4       java.lang.invoke.BoundMethodHandle$Species_L::copyWithExtendL (31 bytes)
Event: 14221.872 Thread 0x00000222214bd680 nmethod 8202 0x0000022215c00310 code [0x0000022215c004e0, 0x0000022215c00830]

GC Heap History (20 events):
Event: 54.313 GC heap before
{Heap before GC invocations=35 (full 3):
 PSYoungGen      total 22016K, used 22010K [0x00000000d5580000, 0x00000000d6f80000, 0x0000000100000000)
  eden space 21504K, 100% used [0x00000000d5580000,0x00000000d6a80000,0x00000000d6a80000)
  from space 512K, 98% used [0x00000000d6e80000,0x00000000d6efe970,0x00000000d6f00000)
  to   space 512K, 0% used [0x00000000d6f00000,0x00000000d6f00000,0x00000000d6f80000)
 ParOldGen       total 68608K, used 39550K [0x0000000080000000, 0x0000000084300000, 0x00000000d5580000)
  object space 68608K, 57% used [0x0000000080000000,0x000000008269fab8,0x0000000084300000)
 Metaspace       used 58868K, committed 60160K, reserved 1114112K
  class space    used 7408K, committed 8000K, reserved 1048576K
}
Event: 54.314 GC heap after
{Heap after GC invocations=35 (full 3):
 PSYoungGen      total 22016K, used 508K [0x00000000d5580000, 0x00000000d6f80000, 0x0000000100000000)
  eden space 21504K, 0% used [0x00000000d5580000,0x00000000d5580000,0x00000000d6a80000)
  from space 512K, 99% used [0x00000000d6f00000,0x00000000d6f7f170,0x00000000d6f80000)
  to   space 1536K, 0% used [0x00000000d6c80000,0x00000000d6c80000,0x00000000d6e00000)
 ParOldGen       total 68608K, used 40413K [0x0000000080000000, 0x0000000084300000, 0x00000000d5580000)
  object space 68608K, 58% used [0x0000000080000000,0x0000000082777538,0x0000000084300000)
 Metaspace       used 58868K, committed 60160K, reserved 1114112K
  class space    used 7408K, committed 8000K, reserved 1048576K
}
Event: 54.530 GC heap before
{Heap before GC invocations=36 (full 3):
 PSYoungGen      total 22016K, used 22012K [0x00000000d5580000, 0x00000000d6f80000, 0x0000000100000000)
  eden space 21504K, 100% used [0x00000000d5580000,0x00000000d6a80000,0x00000000d6a80000)
  from space 512K, 99% used [0x00000000d6f00000,0x00000000d6f7f170,0x00000000d6f80000)
  to   space 1536K, 0% used [0x00000000d6c80000,0x00000000d6c80000,0x00000000d6e00000)
 ParOldGen       total 68608K, used 40413K [0x0000000080000000, 0x0000000084300000, 0x00000000d5580000)
  object space 68608K, 58% used [0x0000000080000000,0x0000000082777538,0x0000000084300000)
 Metaspace       used 58868K, committed 60160K, reserved 1114112K
  class space    used 7408K, committed 8000K, reserved 1048576K
}
Event: 54.531 GC heap after
{Heap after GC invocations=36 (full 3):
 PSYoungGen      total 23040K, used 1002K [0x00000000d5580000, 0x00000000d6f80000, 0x0000000100000000)
  eden space 21504K, 0% used [0x00000000d5580000,0x00000000d5580000,0x00000000d6a80000)
  from space 1536K, 65% used [0x00000000d6c80000,0x00000000d6d7a830,0x00000000d6e00000)
  to   space 1536K, 0% used [0x00000000d6e00000,0x00000000d6e00000,0x00000000d6f80000)
 ParOldGen       total 68608K, used 40469K [0x0000000080000000, 0x0000000084300000, 0x00000000d5580000)
  object space 68608K, 58% used [0x0000000080000000,0x0000000082785538,0x0000000084300000)
 Metaspace       used 58868K, committed 60160K, reserved 1114112K
  class space    used 7408K, committed 8000K, reserved 1048576K
}
Event: 54.829 GC heap before
{Heap before GC invocations=37 (full 3):
 PSYoungGen      total 23040K, used 22506K [0x00000000d5580000, 0x00000000d6f80000, 0x0000000100000000)
  eden space 21504K, 100% used [0x00000000d5580000,0x00000000d6a80000,0x00000000d6a80000)
  from space 1536K, 65% used [0x00000000d6c80000,0x00000000d6d7a830,0x00000000d6e00000)
  to   space 1536K, 0% used [0x00000000d6e00000,0x00000000d6e00000,0x00000000d6f80000)
 ParOldGen       total 68608K, used 40469K [0x0000000080000000, 0x0000000084300000, 0x00000000d5580000)
  object space 68608K, 58% used [0x0000000080000000,0x0000000082785538,0x0000000084300000)
 Metaspace       used 58868K, committed 60160K, reserved 1114112K
  class space    used 7408K, committed 8000K, reserved 1048576K
}
Event: 54.829 GC heap after
{Heap after GC invocations=37 (full 3):
 PSYoungGen      total 22528K, used 762K [0x00000000d5580000, 0x00000000d6f00000, 0x0000000100000000)
  eden space 21504K, 0% used [0x00000000d5580000,0x00000000d5580000,0x00000000d6a80000)
  from space 1024K, 74% used [0x00000000d6e00000,0x00000000d6ebeb78,0x00000000d6f00000)
  to   space 1024K, 0% used [0x00000000d6d00000,0x00000000d6d00000,0x00000000d6e00000)
 ParOldGen       total 68608K, used 40525K [0x0000000080000000, 0x0000000084300000, 0x00000000d5580000)
  object space 68608K, 59% used [0x0000000080000000,0x0000000082793538,0x0000000084300000)
 Metaspace       used 58868K, committed 60160K, reserved 1114112K
  class space    used 7408K, committed 8000K, reserved 1048576K
}
Event: 55.033 GC heap before
{Heap before GC invocations=38 (full 3):
 PSYoungGen      total 22528K, used 22266K [0x00000000d5580000, 0x00000000d6f00000, 0x0000000100000000)
  eden space 21504K, 100% used [0x00000000d5580000,0x00000000d6a80000,0x00000000d6a80000)
  from space 1024K, 74% used [0x00000000d6e00000,0x00000000d6ebeb78,0x00000000d6f00000)
  to   space 1024K, 0% used [0x00000000d6d00000,0x00000000d6d00000,0x00000000d6e00000)
 ParOldGen       total 68608K, used 40525K [0x0000000080000000, 0x0000000084300000, 0x00000000d5580000)
  object space 68608K, 59% used [0x0000000080000000,0x0000000082793538,0x0000000084300000)
 Metaspace       used 58868K, committed 60160K, reserved 1114112K
  class space    used 7408K, committed 8000K, reserved 1048576K
}
Event: 55.034 GC heap after
{Heap after GC invocations=38 (full 3):
 PSYoungGen      total 22528K, used 572K [0x00000000d5580000, 0x00000000d6e80000, 0x0000000100000000)
  eden space 21504K, 0% used [0x00000000d5580000,0x00000000d5580000,0x00000000d6a80000)
  from space 1024K, 55% used [0x00000000d6d00000,0x00000000d6d8f228,0x00000000d6e00000)
  to   space 512K, 0% used [0x00000000d6e00000,0x00000000d6e00000,0x00000000d6e80000)
 ParOldGen       total 68608K, used 40533K [0x0000000080000000, 0x0000000084300000, 0x00000000d5580000)
  object space 68608K, 59% used [0x0000000080000000,0x0000000082795538,0x0000000084300000)
 Metaspace       used 58868K, committed 60160K, reserved 1114112K
  class space    used 7408K, committed 8000K, reserved 1048576K
}
Event: 55.225 GC heap before
{Heap before GC invocations=39 (full 3):
 PSYoungGen      total 22528K, used 22076K [0x00000000d5580000, 0x00000000d6e80000, 0x0000000100000000)
  eden space 21504K, 100% used [0x00000000d5580000,0x00000000d6a80000,0x00000000d6a80000)
  from space 1024K, 55% used [0x00000000d6d00000,0x00000000d6d8f228,0x00000000d6e00000)
  to   space 512K, 0% used [0x00000000d6e00000,0x00000000d6e00000,0x00000000d6e80000)
 ParOldGen       total 68608K, used 40533K [0x0000000080000000, 0x0000000084300000, 0x00000000d5580000)
  object space 68608K, 59% used [0x0000000080000000,0x0000000082795538,0x0000000084300000)
 Metaspace       used 58868K, committed 60160K, reserved 1114112K
  class space    used 7408K, committed 8000K, reserved 1048576K
}
Event: 55.225 GC heap after
{Heap after GC invocations=39 (full 3):
 PSYoungGen      total 22016K, used 192K [0x00000000d5580000, 0x00000000d6e80000, 0x0000000100000000)
  eden space 21504K, 0% used [0x00000000d5580000,0x00000000d5580000,0x00000000d6a80000)
  from space 512K, 37% used [0x00000000d6e00000,0x00000000d6e30000,0x00000000d6e80000)
  to   space 512K, 0% used [0x00000000d6d80000,0x00000000d6d80000,0x00000000d6e00000)
 ParOldGen       total 68608K, used 40541K [0x0000000080000000, 0x0000000084300000, 0x00000000d5580000)
  object space 68608K, 59% used [0x0000000080000000,0x0000000082797538,0x0000000084300000)
 Metaspace       used 58868K, committed 60160K, reserved 1114112K
  class space    used 7408K, committed 8000K, reserved 1048576K
}
Event: 55.412 GC heap before
{Heap before GC invocations=40 (full 3):
 PSYoungGen      total 22016K, used 21680K [0x00000000d5580000, 0x00000000d6e80000, 0x0000000100000000)
  eden space 21504K, 99% used [0x00000000d5580000,0x00000000d6a7c3b0,0x00000000d6a80000)
  from space 512K, 37% used [0x00000000d6e00000,0x00000000d6e30000,0x00000000d6e80000)
  to   space 512K, 0% used [0x00000000d6d80000,0x00000000d6d80000,0x00000000d6e00000)
 ParOldGen       total 68608K, used 40541K [0x0000000080000000, 0x0000000084300000, 0x00000000d5580000)
  object space 68608K, 59% used [0x0000000080000000,0x0000000082797538,0x0000000084300000)
 Metaspace       used 58868K, committed 60160K, reserved 1114112K
  class space    used 7408K, committed 8000K, reserved 1048576K
}
Event: 55.413 GC heap after
{Heap after GC invocations=40 (full 3):
 PSYoungGen      total 22016K, used 230K [0x00000000d5580000, 0x00000000d6e80000, 0x0000000100000000)
  eden space 21504K, 0% used [0x00000000d5580000,0x00000000d5580000,0x00000000d6a80000)
  from space 512K, 45% used [0x00000000d6d80000,0x00000000d6db9a10,0x00000000d6e00000)
  to   space 512K, 0% used [0x00000000d6e00000,0x00000000d6e00000,0x00000000d6e80000)
 ParOldGen       total 68608K, used 40565K [0x0000000080000000, 0x0000000084300000, 0x00000000d5580000)
  object space 68608K, 59% used [0x0000000080000000,0x000000008279d538,0x0000000084300000)
 Metaspace       used 58868K, committed 60160K, reserved 1114112K
  class space    used 7408K, committed 8000K, reserved 1048576K
}
Event: 55.574 GC heap before
{Heap before GC invocations=41 (full 3):
 PSYoungGen      total 22016K, used 21734K [0x00000000d5580000, 0x00000000d6e80000, 0x0000000100000000)
  eden space 21504K, 100% used [0x00000000d5580000,0x00000000d6a80000,0x00000000d6a80000)
  from space 512K, 45% used [0x00000000d6d80000,0x00000000d6db9a10,0x00000000d6e00000)
  to   space 512K, 0% used [0x00000000d6e00000,0x00000000d6e00000,0x00000000d6e80000)
 ParOldGen       total 68608K, used 40565K [0x0000000080000000, 0x0000000084300000, 0x00000000d5580000)
  object space 68608K, 59% used [0x0000000080000000,0x000000008279d538,0x0000000084300000)
 Metaspace       used 58876K, committed 60160K, reserved 1114112K
  class space    used 7409K, committed 8000K, reserved 1048576K
}
Event: 55.574 GC heap after
{Heap after GC invocations=41 (full 3):
 PSYoungGen      total 22016K, used 128K [0x00000000d5580000, 0x00000000d6e80000, 0x0000000100000000)
  eden space 21504K, 0% used [0x00000000d5580000,0x00000000d5580000,0x00000000d6a80000)
  from space 512K, 25% used [0x00000000d6e00000,0x00000000d6e20000,0x00000000d6e80000)
  to   space 512K, 0% used [0x00000000d6d80000,0x00000000d6d80000,0x00000000d6e00000)
 ParOldGen       total 68608K, used 40581K [0x0000000080000000, 0x0000000084300000, 0x00000000d5580000)
  object space 68608K, 59% used [0x0000000080000000,0x00000000827a1538,0x0000000084300000)
 Metaspace       used 58876K, committed 60160K, reserved 1114112K
  class space    used 7409K, committed 8000K, reserved 1048576K
}
Event: 55.993 GC heap before
{Heap before GC invocations=42 (full 3):
 PSYoungGen      total 22016K, used 21632K [0x00000000d5580000, 0x00000000d6e80000, 0x0000000100000000)
  eden space 21504K, 100% used [0x00000000d5580000,0x00000000d6a80000,0x00000000d6a80000)
  from space 512K, 25% used [0x00000000d6e00000,0x00000000d6e20000,0x00000000d6e80000)
  to   space 512K, 0% used [0x00000000d6d80000,0x00000000d6d80000,0x00000000d6e00000)
 ParOldGen       total 68608K, used 40581K [0x0000000080000000, 0x0000000084300000, 0x00000000d5580000)
  object space 68608K, 59% used [0x0000000080000000,0x00000000827a1538,0x0000000084300000)
 Metaspace       used 61016K, committed 62400K, reserved 1114112K
  class space    used 7761K, committed 8384K, reserved 1048576K
}
Event: 55.994 GC heap after
{Heap after GC invocations=42 (full 3):
 PSYoungGen      total 22016K, used 480K [0x00000000d5580000, 0x00000000d6e80000, 0x0000000100000000)
  eden space 21504K, 0% used [0x00000000d5580000,0x00000000d5580000,0x00000000d6a80000)
  from space 512K, 93% used [0x00000000d6d80000,0x00000000d6df8010,0x00000000d6e00000)
  to   space 512K, 0% used [0x00000000d6e00000,0x00000000d6e00000,0x00000000d6e80000)
 ParOldGen       total 68608K, used 40860K [0x0000000080000000, 0x0000000084300000, 0x00000000d5580000)
  object space 68608K, 59% used [0x0000000080000000,0x00000000827e7238,0x0000000084300000)
 Metaspace       used 61016K, committed 62400K, reserved 1114112K
  class space    used 7761K, committed 8384K, reserved 1048576K
}
Event: 128.717 GC heap before
{Heap before GC invocations=43 (full 3):
 PSYoungGen      total 22016K, used 21984K [0x00000000d5580000, 0x00000000d6e80000, 0x0000000100000000)
  eden space 21504K, 100% used [0x00000000d5580000,0x00000000d6a80000,0x00000000d6a80000)
  from space 512K, 93% used [0x00000000d6d80000,0x00000000d6df8010,0x00000000d6e00000)
  to   space 512K, 0% used [0x00000000d6e00000,0x00000000d6e00000,0x00000000d6e80000)
 ParOldGen       total 68608K, used 40860K [0x0000000080000000, 0x0000000084300000, 0x00000000d5580000)
  object space 68608K, 59% used [0x0000000080000000,0x00000000827e7238,0x0000000084300000)
 Metaspace       used 62869K, committed 64320K, reserved 1114112K
  class space    used 7986K, committed 8640K, reserved 1048576K
}
Event: 128.722 GC heap after
{Heap after GC invocations=43 (full 3):
 PSYoungGen      total 22016K, used 480K [0x00000000d5580000, 0x00000000d6e80000, 0x0000000100000000)
  eden space 21504K, 0% used [0x00000000d5580000,0x00000000d5580000,0x00000000d6a80000)
  from space 512K, 93% used [0x00000000d6e00000,0x00000000d6e78020,0x00000000d6e80000)
  to   space 2048K, 0% used [0x00000000d6a80000,0x00000000d6a80000,0x00000000d6c80000)
 ParOldGen       total 68608K, used 42015K [0x0000000080000000, 0x0000000084300000, 0x00000000d5580000)
  object space 68608K, 61% used [0x0000000080000000,0x0000000082907c40,0x0000000084300000)
 Metaspace       used 62869K, committed 64320K, reserved 1114112K
  class space    used 7986K, committed 8640K, reserved 1048576K
}
Event: 135.194 GC heap before
{Heap before GC invocations=44 (full 3):
 PSYoungGen      total 22016K, used 21984K [0x00000000d5580000, 0x00000000d6e80000, 0x0000000100000000)
  eden space 21504K, 100% used [0x00000000d5580000,0x00000000d6a80000,0x00000000d6a80000)
  from space 512K, 93% used [0x00000000d6e00000,0x00000000d6e78020,0x00000000d6e80000)
  to   space 2048K, 0% used [0x00000000d6a80000,0x00000000d6a80000,0x00000000d6c80000)
 ParOldGen       total 68608K, used 42015K [0x0000000080000000, 0x0000000084300000, 0x00000000d5580000)
  object space 68608K, 61% used [0x0000000080000000,0x0000000082907c40,0x0000000084300000)
 Metaspace       used 64290K, committed 65792K, reserved 1114112K
  class space    used 8144K, committed 8832K, reserved 1048576K
}
Event: 135.198 GC heap after
{Heap after GC invocations=44 (full 3):
 PSYoungGen      total 23552K, used 763K [0x00000000d5580000, 0x00000000d6e80000, 0x0000000100000000)
  eden space 21504K, 0% used [0x00000000d5580000,0x00000000d5580000,0x00000000d6a80000)
  from space 2048K, 37% used [0x00000000d6a80000,0x00000000d6b3eee8,0x00000000d6c80000)
  to   space 1536K, 0% used [0x00000000d6d00000,0x00000000d6d00000,0x00000000d6e80000)
 ParOldGen       total 68608K, used 42451K [0x0000000080000000, 0x0000000084300000, 0x00000000d5580000)
  object space 68608K, 61% used [0x0000000080000000,0x0000000082974c60,0x0000000084300000)
 Metaspace       used 64290K, committed 65792K, reserved 1114112K
  class space    used 8144K, committed 8832K, reserved 1048576K
}

Dll operation events (15 events):
Event: 0.034 Loaded shared library c:\Users\jhonn\.vscode\extensions\redhat.java-1.52.0-win32-x64\jre\21.0.9-win32-x86_64\bin\java.dll
Event: 0.303 Loaded shared library c:\Users\jhonn\.vscode\extensions\redhat.java-1.52.0-win32-x64\jre\21.0.9-win32-x86_64\bin\zip.dll
Event: 0.358 Loaded shared library C:\Users\jhonn\.vscode\extensions\redhat.java-1.52.0-win32-x64\jre\21.0.9-win32-x86_64\bin\instrument.dll
Event: 0.370 Loaded shared library C:\Users\jhonn\.vscode\extensions\redhat.java-1.52.0-win32-x64\jre\21.0.9-win32-x86_64\bin\net.dll
Event: 0.375 Loaded shared library C:\Users\jhonn\.vscode\extensions\redhat.java-1.52.0-win32-x64\jre\21.0.9-win32-x86_64\bin\nio.dll
Event: 0.395 Loaded shared library C:\Users\jhonn\.vscode\extensions\redhat.java-1.52.0-win32-x64\jre\21.0.9-win32-x86_64\bin\zip.dll
Event: 0.487 Loaded shared library C:\Users\jhonn\.vscode\extensions\redhat.java-1.52.0-win32-x64\jre\21.0.9-win32-x86_64\bin\jimage.dll
Event: 1.014 Loaded shared library c:\Users\jhonn\.vscode\extensions\redhat.java-1.52.0-win32-x64\jre\21.0.9-win32-x86_64\bin\verify.dll
Event: 6.828 Loaded shared library C:\Users\jhonn\AppData\Roaming\Code\User\globalStorage\redhat.java\1.52.0\config_win\org.eclipse.equinox.launcher\org.eclipse.equinox.launcher.win32.win32.x86_64_1.2.1500.v20260121-1430\eclipse_11919.dll
Event: 11.528 Loaded shared library C:\Users\jhonn\.vscode\extensions\redhat.java-1.52.0-win32-x64\jre\21.0.9-win32-x86_64\bin\management.dll
Event: 11.538 Loaded shared library C:\Users\jhonn\.vscode\extensions\redhat.java-1.52.0-win32-x64\jre\21.0.9-win32-x86_64\bin\management_ext.dll
Event: 14.956 Loaded shared library C:\Users\jhonn\AppData\Local\Temp\jna-101101681\jna18028574988923700698.dll
Event: 36.984 Loaded shared library C:\Users\jhonn\.gradle\native\1def1411415f61bf3af743bc5b6707747c0891f09f0c88961ee8f79bc544acac\windows-amd64\native-platform.dll
Event: 55.675 Loaded shared library C:\Users\jhonn\.vscode\extensions\redhat.java-1.52.0-win32-x64\jre\21.0.9-win32-x86_64\bin\extnet.dll
Event: 60.606 Loaded shared library C:\Users\jhonn\.vscode\extensions\redhat.java-1.52.0-win32-x64\jre\21.0.9-win32-x86_64\bin\sunmscapi.dll

Deoptimization events (20 events):
Event: 136.941 Thread 0x000002226c230b00 Uncommon trap: trap_request=0xffffff45 fr.pc=0x00000222159ad04c relative=0x000000000000028c
Event: 136.941 Thread 0x000002226c230b00 Uncommon trap: reason=unstable_if action=reinterpret pc=0x00000222159ad04c method=org.eclipse.osgi.internal.framework.BundleContextImpl.setContextFinder()Ljava/lang/Object; @ 36 c2
Event: 136.941 Thread 0x000002226c230b00 DEOPT PACKING pc=0x00000222159ad04c sp=0x000000506c6fe120
Event: 136.941 Thread 0x000002226c230b00 DEOPT UNPACKING pc=0x0000022215263aa2 sp=0x000000506c6fe0d8 mode 2
Event: 394.468 Thread 0x000002226a932010 Uncommon trap: trap_request=0xffffff45 fr.pc=0x000002221591e27c relative=0x000000000000039c
Event: 394.468 Thread 0x000002226a932010 Uncommon trap: reason=unstable_if action=reinterpret pc=0x000002221591e27c method=java.net.URI.equalIgnoringCase(Ljava/lang/String;Ljava/lang/String;)Z @ 8 c2
Event: 394.468 Thread 0x000002226a932010 DEOPT PACKING pc=0x000002221591e27c sp=0x000000506befefc0
Event: 394.470 Thread 0x000002226a932010 DEOPT UNPACKING pc=0x0000022215263aa2 sp=0x000000506befef60 mode 2
Event: 396.873 Thread 0x000002226a932010 DEOPT PACKING pc=0x000002220ea84646 sp=0x000000506befe2d0
Event: 396.874 Thread 0x000002226a932010 DEOPT UNPACKING pc=0x0000022215264242 sp=0x000000506befd850 mode 0
Event: 396.894 Thread 0x000002226a932010 Uncommon trap: trap_request=0xffffffc6 fr.pc=0x0000022215935014 relative=0x00000000000001f4
Event: 396.894 Thread 0x000002226a932010 Uncommon trap: reason=bimorphic_or_optimized_type_check action=maybe_recompile pc=0x0000022215935014 method=java.util.Collections.eq(Ljava/lang/Object;Ljava/lang/Object;)Z @ 18 c2
Event: 396.894 Thread 0x000002226a932010 DEOPT PACKING pc=0x0000022215935014 sp=0x000000506befe5f0
Event: 396.898 Thread 0x000002226a932010 DEOPT UNPACKING pc=0x0000022215263aa2 sp=0x000000506befe530 mode 2
Event: 396.900 Thread 0x000002226a932010 Uncommon trap: trap_request=0xffffffc6 fr.pc=0x0000022215935014 relative=0x00000000000001f4
Event: 396.900 Thread 0x000002226a932010 Uncommon trap: reason=bimorphic_or_optimized_type_check action=maybe_recompile pc=0x0000022215935014 method=java.util.Collections.eq(Ljava/lang/Object;Ljava/lang/Object;)Z @ 18 c2
Event: 396.901 Thread 0x000002226a932010 DEOPT PACKING pc=0x0000022215935014 sp=0x000000506befe750
Event: 396.901 Thread 0x000002226a932010 DEOPT UNPACKING pc=0x0000022215263aa2 sp=0x000000506befe690 mode 2
Event: 12473.044 Thread 0x000002226a932d30 DEOPT PACKING pc=0x000002220eb8b02b sp=0x000000506c1fef20
Event: 12473.057 Thread 0x000002226a932d30 DEOPT UNPACKING pc=0x0000022215264242 sp=0x000000506c1fe408 mode 0

Classes loaded (20 events):
Event: 135.833 Loading class java/util/stream/ReduceOps$1ReducingSink
Event: 135.833 Loading class java/util/stream/ReduceOps$1ReducingSink done
Event: 135.851 Loading class java/nio/file/InvalidPathException
Event: 135.852 Loading class java/nio/file/InvalidPathException done
Event: 135.923 Loading class java/io/SequenceInputStream
Event: 135.923 Loading class java/io/SequenceInputStream done
Event: 136.884 Loading class java/util/concurrent/CompletableFuture$UniApply
Event: 136.885 Loading class java/util/concurrent/CompletableFuture$UniCompletion
Event: 136.885 Loading class java/util/concurrent/CompletableFuture$UniCompletion done
Event: 136.885 Loading class java/util/concurrent/CompletableFuture$UniApply done
Event: 136.889 Loading class java/util/concurrent/CompletableFuture$UniAccept
Event: 136.890 Loading class java/util/concurrent/CompletableFuture$UniAccept done
Event: 136.890 Loading class java/util/concurrent/CompletableFuture$UniExceptionally
Event: 136.891 Loading class java/util/concurrent/CompletableFuture$UniExceptionally done
Event: 392.374 Loading class java/util/stream/DistinctOps
Event: 392.564 Loading class java/util/stream/DistinctOps done
Event: 392.575 Loading class java/util/stream/DistinctOps$1
Event: 392.764 Loading class java/util/stream/DistinctOps$1 done
Event: 393.354 Loading class java/util/stream/DistinctOps$1$2
Event: 393.399 Loading class java/util/stream/DistinctOps$1$2 done

Classes unloaded (10 events):
Event: 13.215 Thread 0x000002222149a930 Unloading class 0x00000222231aec00 'java/lang/invoke/LambdaForm$MH+0x00000222231aec00'
Event: 13.215 Thread 0x000002222149a930 Unloading class 0x00000222231ae800 'java/lang/invoke/LambdaForm$MH+0x00000222231ae800'
Event: 13.215 Thread 0x000002222149a930 Unloading class 0x00000222231ae400 'java/lang/invoke/LambdaForm$MH+0x00000222231ae400'
Event: 13.215 Thread 0x000002222149a930 Unloading class 0x00000222231ae000 'java/lang/invoke/LambdaForm$MH+0x00000222231ae000'
Event: 13.215 Thread 0x000002222149a930 Unloading class 0x00000222231adc00 'java/lang/invoke/LambdaForm$BMH+0x00000222231adc00'
Event: 13.215 Thread 0x000002222149a930 Unloading class 0x00000222231ad800 'java/lang/invoke/LambdaForm$DMH+0x00000222231ad800'
Event: 13.215 Thread 0x000002222149a930 Unloading class 0x00000222231ac400 'java/lang/invoke/LambdaForm$DMH+0x00000222231ac400'
Event: 15.511 Thread 0x000002222149a930 Unloading class 0x00000222232e5800 'java/lang/invoke/LambdaForm$MH+0x00000222232e5800'
Event: 15.511 Thread 0x000002222149a930 Unloading class 0x00000222232e5000 'java/lang/invoke/LambdaForm$DMH+0x00000222232e5000'
Event: 15.511 Thread 0x000002222149a930 Unloading class 0x00000222232e4800 'java/lang/invoke/LambdaForm$MH+0x00000222232e4800'

Classes redefined (0 events):
No events

Internal exceptions (20 events):
Event: 131.529 Thread 0x000002226a9312f0 Implicit null exception at 0x0000022215aab220 to 0x0000022215aab674
Event: 131.529 Thread 0x000002226a9312f0 Exception <a 'sun/nio/fs/WindowsException'{0x00000000d62a16a0}> (0x00000000d62a16a0) 
thrown [s\src\hotspot\share\prims\jni.cpp, line 520]
Event: 131.529 Thread 0x000002226a9312f0 Exception <a 'sun/nio/fs/WindowsException'{0x00000000d62a1db0}> (0x00000000d62a1db0) 
thrown [s\src\hotspot\share\prims\jni.cpp, line 520]
Event: 131.532 Thread 0x000002226a9312f0 Exception <a 'sun/nio/fs/WindowsException'{0x00000000d62cfb18}> (0x00000000d62cfb18) 
thrown [s\src\hotspot\share\prims\jni.cpp, line 520]
Event: 131.532 Thread 0x000002226a9312f0 Exception <a 'sun/nio/fs/WindowsException'{0x00000000d62d0228}> (0x00000000d62d0228) 
thrown [s\src\hotspot\share\prims\jni.cpp, line 520]
Event: 133.515 Thread 0x000002226a9312f0 Exception <a 'sun/nio/fs/WindowsException'{0x00000000d65a8420}> (0x00000000d65a8420) 
thrown [s\src\hotspot\share\prims\jni.cpp, line 520]
Event: 133.515 Thread 0x000002226a9312f0 Exception <a 'sun/nio/fs/WindowsException'{0x00000000d65a8f20}> (0x00000000d65a8f20) 
thrown [s\src\hotspot\share\prims\jni.cpp, line 520]
Event: 133.614 Thread 0x000002226a9312f0 Exception <a 'sun/nio/fs/WindowsException'{0x00000000d65c8a40}> (0x00000000d65c8a40) 
thrown [s\src\hotspot\share\prims\jni.cpp, line 520]
Event: 133.614 Thread 0x000002226a9312f0 Exception <a 'sun/nio/fs/WindowsException'{0x00000000d65c9400}> (0x00000000d65c9400) 
thrown [s\src\hotspot\share\prims\jni.cpp, line 520]
Event: 134.471 Thread 0x0000022263c97cc0 Exception <a 'java/lang/NoSuchMethodError'{0x00000000d66cde48}: 'java.lang.Object java.lang.invoke.DirectMethodHandle$Holder.newInvokeSpecial(java.lang.Object, java.lang.Object, java.lang.Object, java.lang.Object, java.lang.Object, java.lang.Object, java.lang.Object, java.lang.Object)'> (0x00000000d66cde48) 
thrown [s\src\hotspot\share\interpreter\linkResolver.cpp, line 773]
Event: 134.860 Thread 0x0000022263c97cc0 Exception <a 'sun/nio/fs/WindowsException'{0x00000000d6702f08}> (0x00000000d6702f08) 
thrown [s\src\hotspot\share\prims\jni.cpp, line 520]
Event: 134.864 Thread 0x0000022263c97cc0 Exception <a 'sun/nio/fs/WindowsException'{0x00000000d6708418}> (0x00000000d6708418) 
thrown [s\src\hotspot\share\prims\jni.cpp, line 520]
Event: 135.199 Thread 0x000002226b313780 Implicit null exception at 0x0000022215bad7a1 to 0x0000022215bad904
Event: 135.873 Thread 0x000002226a934e00 Exception <a 'java/lang/NoSuchMethodError'{0x00000000d5ac8aa0}: 'java.lang.Object java.lang.invoke.DirectMethodHandle$Holder.invokeStatic(java.lang.Object, java.lang.Object, int, java.lang.Object)'> (0x00000000d5ac8aa0) 
thrown [s\src\hotspot\share\interpreter\linkResolver.cpp, line 773]
Event: 135.873 Thread 0x000002226a934e00 Exception <a 'java/lang/NoSuchMethodError'{0x00000000d5acf378}: 'java.lang.Object java.lang.invoke.DirectMethodHandle$Holder.newInvokeSpecial(java.lang.Object, java.lang.Object, int)'> (0x00000000d5acf378) 
thrown [s\src\hotspot\share\interpreter\linkResolver.cpp, line 773]
Event: 135.973 Thread 0x000002226a934e00 Exception <a 'java/io/FileNotFoundException'{0x00000000d5d80fb8}> (0x00000000d5d80fb8) 
thrown [s\src\hotspot\share\prims\jni.cpp, line 520]
Event: 135.973 Thread 0x000002226a934e00 Exception <a 'java/io/FileNotFoundException'{0x00000000d5d81d20}> (0x00000000d5d81d20) 
thrown [s\src\hotspot\share\prims\jni.cpp, line 520]
Event: 136.874 Thread 0x000002226a9312f0 Exception <a 'java/lang/IncompatibleClassChangeError'{0x00000000d56420d0}: Found class java.lang.Object, but interface was expected> (0x00000000d56420d0) 
thrown [s\src\hotspot\share\interpreter\linkResolver.cpp, line 840]
Event: 346.905 Thread 0x000002226a9312f0 Exception <a 'java/lang/IncompatibleClassChangeError'{0x00000000d5f39618}: Found class java.lang.Object, but interface was expected> (0x00000000d5f39618) 
thrown [s\src\hotspot\share\interpreter\linkResolver.cpp, line 840]
Event: 394.468 Thread 0x000002226a932010 Implicit null exception at 0x000002221591df0d to 0x000002221591e26c

ZGC Phase Switch (0 events):
No events

VM Operations (20 events):
Event: 13996.409 Executing VM operation: HandshakeAllThreads (HandshakeForDeflation)
Event: 13996.435 Executing VM operation: HandshakeAllThreads (HandshakeForDeflation) done
Event: 13996.436 Executing VM operation: RendezvousGCThreads
Event: 13996.437 Executing VM operation: RendezvousGCThreads done
Event: 14056.364 Executing VM operation: HandshakeAllThreads (HandshakeForDeflation)
Event: 14056.448 Executing VM operation: HandshakeAllThreads (HandshakeForDeflation) done
Event: 14056.452 Executing VM operation: RendezvousGCThreads
Event: 14056.453 Executing VM operation: RendezvousGCThreads done
Event: 14117.594 Executing VM operation: HandshakeAllThreads (HandshakeForDeflation)
Event: 14117.607 Executing VM operation: HandshakeAllThreads (HandshakeForDeflation) done
Event: 14117.608 Executing VM operation: RendezvousGCThreads
Event: 14117.609 Executing VM operation: RendezvousGCThreads done
Event: 14237.017 Executing VM operation: HandshakeAllThreads (HandshakeForDeflation)
Event: 14237.032 Executing VM operation: HandshakeAllThreads (HandshakeForDeflation) done
Event: 14237.049 Executing VM operation: RendezvousGCThreads
Event: 14237.049 Executing VM operation: RendezvousGCThreads done
Event: 14417.315 Executing VM operation: HandshakeAllThreads (HandshakeForDeflation)
Event: 14417.336 Executing VM operation: HandshakeAllThreads (HandshakeForDeflation) done
Event: 14417.341 Executing VM operation: RendezvousGCThreads
Event: 14417.343 Executing VM operation: RendezvousGCThreads done

Memory protections (0 events):
No events

Nmethod flushes (20 events):
Event: 53.712 Thread 0x000002222149a930 flushing  nmethod 0x000002220e55e690
Event: 53.712 Thread 0x000002222149a930 flushing  nmethod 0x000002220e55ec10
Event: 53.712 Thread 0x000002222149a930 flushing  nmethod 0x000002220e560490
Event: 53.712 Thread 0x000002222149a930 flushing  nmethod 0x000002220e57b090
Event: 53.712 Thread 0x000002222149a930 flushing  nmethod 0x000002220e57d210
Event: 53.712 Thread 0x000002222149a930 flushing  nmethod 0x000002220e582f90
Event: 53.712 Thread 0x000002222149a930 flushing  nmethod 0x000002220e592090
Event: 53.712 Thread 0x000002222149a930 flushing  nmethod 0x000002220e59a210
Event: 53.712 Thread 0x000002222149a930 flushing  nmethod 0x000002220e59b290
Event: 53.712 Thread 0x000002222149a930 flushing  nmethod 0x000002220e59c690
Event: 53.712 Thread 0x000002222149a930 flushing  nmethod 0x000002220e59cc90
Event: 53.712 Thread 0x000002222149a930 flushing  nmethod 0x000002220e59d510
Event: 53.712 Thread 0x000002222149a930 flushing  nmethod 0x000002220e5a0310
Event: 53.712 Thread 0x000002222149a930 flushing  nmethod 0x000002220e5a3990
Event: 53.712 Thread 0x000002222149a930 flushing  nmethod 0x000002220e5a9f90
Event: 53.712 Thread 0x000002222149a930 flushing  nmethod 0x000002220e5d3710
Event: 53.712 Thread 0x000002222149a930 flushing  nmethod 0x000002220e5e7610
Event: 53.712 Thread 0x000002222149a930 flushing  nmethod 0x000002220e5ed010
Event: 53.712 Thread 0x000002222149a930 flushing  nmethod 0x000002220e5f0810
Event: 53.712 Thread 0x000002222149a930 flushing  nmethod 0x000002220e60c390

Events (20 events):
Event: 135.218 Thread 0x000002226b313780 Thread added: 0x000002226b3123d0
Event: 135.705 Thread 0x000002226b3123d0 Thread exited: 0x000002226b3123d0
Event: 135.707 Thread 0x000002226b313780 Thread exited: 0x000002226b313780
Event: 136.889 Thread 0x000002226a9312f0 Thread added: 0x000002226c22f0c0
Event: 136.897 Thread 0x000002226a9312f0 Thread added: 0x000002226c22f750
Event: 136.904 Thread 0x000002226a9312f0 Thread added: 0x000002226c230b00
Event: 195.820 Thread 0x0000022263c97cc0 Thread exited: 0x0000022263c97cc0
Event: 196.975 Thread 0x000002226c22f0c0 Thread exited: 0x000002226c22f0c0
Event: 255.790 Thread 0x0000022263c97630 Thread exited: 0x0000022263c97630
Event: 255.792 Thread 0x0000022263c96fa0 Thread exited: 0x0000022263c96fa0
Event: 257.141 Thread 0x000002226c230b00 Thread exited: 0x000002226c230b00
Event: 316.978 Thread 0x000002226c22f750 Thread exited: 0x000002226c22f750
Event: 397.358 Thread 0x000002226a934e00 Thread added: 0x0000022263c96fa0
Event: 436.075 Thread 0x000002226a934e00 Thread added: 0x0000022263c97630
Event: 436.089 Thread 0x0000022263c97630 Thread exited: 0x0000022263c97630
Event: 436.111 Thread 0x000002226a934e00 Thread added: 0x0000022263c97630
Event: 436.112 Thread 0x0000022263c97630 Thread exited: 0x0000022263c97630
Event: 510.864 Thread 0x000002226a934e00 Thread exited: 0x000002226a934e00
Event: 14219.695 Thread 0x000002226a9312f0 Thread added: 0x0000022263c97630
Event: 14282.318 Thread 0x0000022263c97630 Thread exited: 0x0000022263c97630


Dynamic libraries:
0x00007ff7ed2b0000 - 0x00007ff7ed2be000 	c:\Users\jhonn\.vscode\extensions\redhat.java-1.52.0-win32-x64\jre\21.0.9-win32-x86_64\bin\java.exe
0x00007ff8cb9b0000 - 0x00007ff8cbba8000 	C:\WINDOWS\SYSTEM32\ntdll.dll
0x00007ff8ca2a0000 - 0x00007ff8ca362000 	C:\WINDOWS\System32\KERNEL32.DLL
0x00007ff8c9610000 - 0x00007ff8c9906000 	C:\WINDOWS\System32\KERNELBASE.dll
0x00007ff8c93c0000 - 0x00007ff8c94c0000 	C:\WINDOWS\System32\ucrtbase.dll
0x00007ff8b2610000 - 0x00007ff8b2628000 	c:\Users\jhonn\.vscode\extensions\redhat.java-1.52.0-win32-x64\jre\21.0.9-win32-x86_64\bin\jli.dll
0x00007ff8cb7c0000 - 0x00007ff8cb961000 	C:\WINDOWS\System32\USER32.dll
0x00007ff8c9230000 - 0x00007ff8c9252000 	C:\WINDOWS\System32\win32u.dll
0x00007ff8cb460000 - 0x00007ff8cb48b000 	C:\WINDOWS\System32\GDI32.dll
0x00007ff8c9110000 - 0x00007ff8c9229000 	C:\WINDOWS\System32\gdi32full.dll
0x00007ff8c94c0000 - 0x00007ff8c955d000 	C:\WINDOWS\System32\msvcp_win.dll
0x00007ff8c1fd0000 - 0x00007ff8c1fee000 	c:\Users\jhonn\.vscode\extensions\redhat.java-1.52.0-win32-x64\jre\21.0.9-win32-x86_64\bin\VCRUNTIME140.dll
0x00007ff8b0100000 - 0x00007ff8b039b000 	C:\WINDOWS\WinSxS\amd64_microsoft.windows.common-controls_6595b64144ccf1df_6.0.19041.6456_none_60b8a6cb71f64256\COMCTL32.dll
0x00007ff8ca930000 - 0x00007ff8ca9ce000 	C:\WINDOWS\System32\msvcrt.dll
0x00007ff8ca210000 - 0x00007ff8ca23f000 	C:\WINDOWS\System32\IMM32.DLL
0x00007ff8c61c0000 - 0x00007ff8c61cc000 	c:\Users\jhonn\.vscode\extensions\redhat.java-1.52.0-win32-x64\jre\21.0.9-win32-x86_64\bin\vcruntime140_1.dll
0x00007ff8b0590000 - 0x00007ff8b061d000 	c:\Users\jhonn\.vscode\extensions\redhat.java-1.52.0-win32-x64\jre\21.0.9-win32-x86_64\bin\msvcp140.dll
0x00007ff876c70000 - 0x00007ff877a10000 	c:\Users\jhonn\.vscode\extensions\redhat.java-1.52.0-win32-x64\jre\21.0.9-win32-x86_64\bin\server\jvm.dll
0x00007ff8ca870000 - 0x00007ff8ca921000 	C:\WINDOWS\System32\ADVAPI32.dll
0x00007ff8cb320000 - 0x00007ff8cb3bf000 	C:\WINDOWS\System32\sechost.dll
0x00007ff8cb4f0000 - 0x00007ff8cb610000 	C:\WINDOWS\System32\RPCRT4.dll
0x00007ff8c9910000 - 0x00007ff8c9937000 	C:\WINDOWS\System32\bcrypt.dll
0x00007ff8cad30000 - 0x00007ff8cad9b000 	C:\WINDOWS\System32\WS2_32.dll
0x00007ff8c8ea0000 - 0x00007ff8c8eeb000 	C:\WINDOWS\SYSTEM32\POWRPROF.dll
0x00007ff8b8e90000 - 0x00007ff8b8eb7000 	C:\WINDOWS\SYSTEM32\WINMM.dll
0x00007ff8b91f0000 - 0x00007ff8b91fa000 	C:\WINDOWS\SYSTEM32\VERSION.dll
0x00007ff8c8e80000 - 0x00007ff8c8e92000 	C:\WINDOWS\SYSTEM32\UMPDC.dll
0x00007ff8c6dd0000 - 0x00007ff8c6de2000 	C:\WINDOWS\SYSTEM32\kernel.appcore.dll
0x00007ff8c3500000 - 0x00007ff8c350a000 	c:\Users\jhonn\.vscode\extensions\redhat.java-1.52.0-win32-x64\jre\21.0.9-win32-x86_64\bin\jimage.dll
0x00007ff8b30a0000 - 0x00007ff8b32a1000 	C:\WINDOWS\SYSTEM32\DBGHELP.DLL
0x00007ff8b3060000 - 0x00007ff8b3094000 	C:\WINDOWS\SYSTEM32\dbgcore.DLL
0x00007ff8c9940000 - 0x00007ff8c99c2000 	C:\WINDOWS\System32\bcryptPrimitives.dll
0x00007ff8c34c0000 - 0x00007ff8c34cf000 	c:\Users\jhonn\.vscode\extensions\redhat.java-1.52.0-win32-x64\jre\21.0.9-win32-x86_64\bin\instrument.dll
0x00007ff8b25f0000 - 0x00007ff8b2610000 	c:\Users\jhonn\.vscode\extensions\redhat.java-1.52.0-win32-x64\jre\21.0.9-win32-x86_64\bin\java.dll
0x00007ff8c9aa0000 - 0x00007ff8ca210000 	C:\WINDOWS\System32\SHELL32.dll
0x00007ff8c70b0000 - 0x00007ff8c7855000 	C:\WINDOWS\SYSTEM32\windows.storage.dll
0x00007ff8ca9d0000 - 0x00007ff8cad24000 	C:\WINDOWS\System32\combase.dll
0x00007ff8c8990000 - 0x00007ff8c89bb000 	C:\WINDOWS\SYSTEM32\Wldp.dll
0x00007ff8c99d0000 - 0x00007ff8c9a9d000 	C:\WINDOWS\System32\OLEAUT32.dll
0x00007ff8cb270000 - 0x00007ff8cb31d000 	C:\WINDOWS\System32\SHCORE.dll
0x00007ff8ca240000 - 0x00007ff8ca29b000 	C:\WINDOWS\System32\shlwapi.dll
0x00007ff8c8f70000 - 0x00007ff8c8f94000 	C:\WINDOWS\SYSTEM32\profapi.dll
0x00007ff8b25d0000 - 0x00007ff8b25e8000 	c:\Users\jhonn\.vscode\extensions\redhat.java-1.52.0-win32-x64\jre\21.0.9-win32-x86_64\bin\zip.dll
0x00007ff8c3480000 - 0x00007ff8c3490000 	C:\Users\jhonn\.vscode\extensions\redhat.java-1.52.0-win32-x64\jre\21.0.9-win32-x86_64\bin\net.dll
0x00007ff8be770000 - 0x00007ff8be87a000 	C:\WINDOWS\SYSTEM32\WINHTTP.dll
0x00007ff8c86f0000 - 0x00007ff8c875a000 	C:\WINDOWS\system32\mswsock.dll
0x00007ff8b1830000 - 0x00007ff8b1846000 	C:\Users\jhonn\.vscode\extensions\redhat.java-1.52.0-win32-x64\jre\21.0.9-win32-x86_64\bin\nio.dll
0x00007ff8c3210000 - 0x00007ff8c3220000 	c:\Users\jhonn\.vscode\extensions\redhat.java-1.52.0-win32-x64\jre\21.0.9-win32-x86_64\bin\verify.dll
0x00007ff8b15e0000 - 0x00007ff8b1625000 	C:\Users\jhonn\AppData\Roaming\Code\User\globalStorage\redhat.java\1.52.0\config_win\org.eclipse.equinox.launcher\org.eclipse.equinox.launcher.win32.win32.x86_64_1.2.1500.v20260121-1430\eclipse_11919.dll
0x00007ff8ca6d0000 - 0x00007ff8ca7fb000 	C:\WINDOWS\System32\ole32.dll
0x00007ff8c3520000 - 0x00007ff8c352a000 	C:\Users\jhonn\.vscode\extensions\redhat.java-1.52.0-win32-x64\jre\21.0.9-win32-x86_64\bin\management.dll
0x00007ff8c3510000 - 0x00007ff8c351c000 	C:\Users\jhonn\.vscode\extensions\redhat.java-1.52.0-win32-x64\jre\21.0.9-win32-x86_64\bin\management_ext.dll
0x00007ff8cb450000 - 0x00007ff8cb458000 	C:\WINDOWS\System32\PSAPI.DLL
0x00007ff8c88e0000 - 0x00007ff8c88f8000 	C:\WINDOWS\SYSTEM32\CRYPTSP.dll
0x00007ff8c8010000 - 0x00007ff8c8048000 	C:\WINDOWS\system32\rsaenh.dll
0x00007ff8c8ef0000 - 0x00007ff8c8f1e000 	C:\WINDOWS\SYSTEM32\USERENV.dll
0x00007ff8c8900000 - 0x00007ff8c890c000 	C:\WINDOWS\SYSTEM32\CRYPTBASE.dll
0x00007ff8c83d0000 - 0x00007ff8c840b000 	C:\WINDOWS\SYSTEM32\IPHLPAPI.DLL
0x00007ff8ca860000 - 0x00007ff8ca868000 	C:\WINDOWS\System32\NSI.dll
0x00007ff8b03c0000 - 0x00007ff8b0409000 	C:\Users\jhonn\AppData\Local\Temp\jna-101101681\jna18028574988923700698.dll
0x00007ff8c0d30000 - 0x00007ff8c0d47000 	C:\WINDOWS\SYSTEM32\dhcpcsvc6.DLL
0x00007ff8c1660000 - 0x00007ff8c167d000 	C:\WINDOWS\SYSTEM32\dhcpcsvc.DLL
0x00007ff8ac0f0000 - 0x00007ff8ac117000 	C:\Users\jhonn\.gradle\native\1def1411415f61bf3af743bc5b6707747c0891f09f0c88961ee8f79bc544acac\windows-amd64\native-platform.dll
0x00007ff8c2960000 - 0x00007ff8c2969000 	C:\Users\jhonn\.vscode\extensions\redhat.java-1.52.0-win32-x64\jre\21.0.9-win32-x86_64\bin\extnet.dll
0x00007ff8c31a0000 - 0x00007ff8c31ae000 	C:\Users\jhonn\.vscode\extensions\redhat.java-1.52.0-win32-x64\jre\21.0.9-win32-x86_64\bin\sunmscapi.dll
0x00007ff8c9260000 - 0x00007ff8c93bd000 	C:\WINDOWS\System32\CRYPT32.dll
0x00007ff8c8a00000 - 0x00007ff8c8a27000 	C:\WINDOWS\SYSTEM32\ncrypt.dll
0x00007ff8c89c0000 - 0x00007ff8c89fb000 	C:\WINDOWS\SYSTEM32\NTASN1.dll
0x00007ff8c1c90000 - 0x00007ff8c1c97000 	C:\WINDOWS\system32\wshunix.dll

JVMTI agents:
c:\Users\jhonn\.vscode\extensions\redhat.java-1.52.0-win32-x64\lombok\lombok-1.18.39-4050.jar path:c:\Users\jhonn\.vscode\extensions\redhat.java-1.52.0-win32-x64\jre\21.0.9-win32-x86_64\bin\instrument.dll, loaded, initialized, instrumentlib options:none

dbghelp: loaded successfully - version: 4.0.5 - missing functions: none
symbol engine: initialized successfully - sym options: 0x614 - pdb path: .;c:\Users\jhonn\.vscode\extensions\redhat.java-1.52.0-win32-x64\jre\21.0.9-win32-x86_64\bin;C:\WINDOWS\SYSTEM32;C:\WINDOWS\WinSxS\amd64_microsoft.windows.common-controls_6595b64144ccf1df_6.0.19041.6456_none_60b8a6cb71f64256;c:\Users\jhonn\.vscode\extensions\redhat.java-1.52.0-win32-x64\jre\21.0.9-win32-x86_64\bin\server;C:\Users\jhonn\AppData\Roaming\Code\User\globalStorage\redhat.java\1.52.0\config_win\org.eclipse.equinox.launcher\org.eclipse.equinox.launcher.win32.win32.x86_64_1.2.1500.v20260121-1430;C:\Users\jhonn\AppData\Local\Temp\jna-101101681;C:\Users\jhonn\.gradle\native\1def1411415f61bf3af743bc5b6707747c0891f09f0c88961ee8f79bc544acac\windows-amd64

VM Arguments:
jvm_args: --add-modules=ALL-SYSTEM --add-opens=java.base/java.util=ALL-UNNAMED --add-opens=java.base/java.lang=ALL-UNNAMED --add-opens=java.base/sun.nio.fs=ALL-UNNAMED -Declipse.application=org.eclipse.jdt.ls.core.id1 -Dosgi.bundles.defaultStartLevel=4 -Declipse.product=org.eclipse.jdt.ls.core.product -Djava.import.generatesMetadataFilesAtProjectRoot=false -DDetectVMInstallationsJob.disabled=true -Dfile.encoding=utf8 -XX:+UseParallelGC -XX:GCTimeRatio=4 -XX:AdaptiveSizePolicyWeight=90 -Dsun.zip.disableMemoryMapping=true -Xmx2G -Xms100m -Xlog:disable -javaagent:c:\Users\jhonn\.vscode\extensions\redhat.java-1.52.0-win32-x64\lombok\lombok-1.18.39-4050.jar -XX:+HeapDumpOnOutOfMemoryError -XX:HeapDumpPath=c:\Users\jhonn\AppData\Roaming\Code\User\workspaceStorage\135f66da115cfd82bd74ce529e3da48a\redhat.java -Daether.dependencyCollector.impl=bf 
java_command: c:\Users\jhonn\.vscode\extensions\redhat.java-1.52.0-win32-x64\server\plugins\org.eclipse.equinox.launcher_1.7.100.v20251111-0406.jar -configuration c:\Users\jhonn\AppData\Roaming\Code\User\globalStorage\redhat.java\1.52.0\config_win -data c:\Users\jhonn\AppData\Roaming\Code\User\workspaceStorage\135f66da115cfd82bd74ce529e3da48a\redhat.java\jdt_ws --pipe=\\.\pipe\lsp-e81d81a3cbf58e60f2f6049d10637f23-sock
java_class_path (initial): c:\Users\jhonn\.vscode\extensions\redhat.java-1.52.0-win32-x64\server\plugins\org.eclipse.equinox.launcher_1.7.100.v20251111-0406.jar
Launcher Type: SUN_STANDARD

[Global flags]
    uintx AdaptiveSizePolicyWeight                 = 90                                        {product} {command line}
     intx CICompilerCount                          = 3                                         {product} {ergonomic}
    uintx GCTimeRatio                              = 4                                         {product} {command line}
     bool HeapDumpOnOutOfMemoryError               = true                                   {manageable} {command line}
    ccstr HeapDumpPath                             = c:\Users\jhonn\AppData\Roaming\Code\User\workspaceStorage\135f66da115cfd82bd74ce529e3da48a\redhat.java         {manageable} {command line}
   size_t InitialHeapSize                          = 104857600                                 {product} {command line}
   size_t MaxHeapSize                              = 2147483648                                {product} {command line}
   size_t MaxNewSize                               = 715653120                                 {product} {ergonomic}
   size_t MinHeapDeltaBytes                        = 524288                                    {product} {ergonomic}
   size_t MinHeapSize                              = 104857600                                 {product} {command line}
   size_t NewSize                                  = 34603008                                  {product} {ergonomic}
    uintx NonNMethodCodeHeapSize                   = 5832780                                {pd product} {ergonomic}
    uintx NonProfiledCodeHeapSize                  = 122912730                              {pd product} {ergonomic}
   size_t OldSize                                  = 70254592                                  {product} {ergonomic}
    uintx ProfiledCodeHeapSize                     = 122912730                              {pd product} {ergonomic}
    uintx ReservedCodeCacheSize                    = 251658240                              {pd product} {ergonomic}
     bool SegmentedCodeCache                       = true                                      {product} {ergonomic}
   size_t SoftMaxHeapSize                          = 2147483648                             {manageable} {ergonomic}
     bool UseCompressedOops                        = true                           {product lp64_product} {ergonomic}
     bool UseLargePagesIndividualAllocation        = false                                  {pd product} {ergonomic}
     bool UseParallelGC                            = true                                      {product} {command line}

Logging:
Log output configuration:
 #0: stdout all=off uptime,level,tags foldmultilines=false
 #1: stderr all=off uptime,level,tags foldmultilines=false

Release file:
JAVA_VERSION="21.0.9" 
MODULES="java.base java.compiler java.datatransfer java.xml java.prefs java.desktop java.instrument java.logging java.management java.security.sasl java.naming java.rmi java.management.rmi java.net.http java.scripting java.security.jgss java.transaction.xa java.sql java.sql.rowset java.xml.crypto java.se java.smartcardio jdk.accessibility jdk.internal.jvmstat jdk.attach jdk.charsets jdk.internal.opt jdk.zipfs jdk.compiler jdk.crypto.ec jdk.crypto.cryptoki jdk.crypto.mscapi jdk.dynalink jdk.internal.ed jdk.editpad jdk.hotspot.agent jdk.httpserver jdk.internal.le jdk.internal.vm.ci jdk.internal.vm.compiler jdk.internal.vm.compiler.management jdk.jartool jdk.javadoc jdk.jcmd jdk.management jdk.management.agent jdk.jconsole jdk.jdeps jdk.jdwp.agent jdk.jdi jdk.jfr jdk.jshell jdk.jsobject jdk.jstatd jdk.localedata jdk.management.jfr jdk.naming.dns jdk.naming.rmi jdk.net jdk.nio.mapmode jdk.random jdk.sctp jdk.security.auth jdk.security.jgss jdk.unsupported jdk.unsupported.desktop jdk.xml.dom" 

Environment Variables:
PATH=C:\Program Files\Eclipse Adoptium\jdk-25.0.1.8-hotspot\bin;C:\WINDOWS\system32;C:\WINDOWS;C:\WINDOWS\System32\Wbem;C:\WINDOWS\System32\WindowsPowerShell\v1.0\;C:\WINDOWS\System32\OpenSSH\;C:\Program Files\Git\cmd;C:\flutter_windows_3.38.9-stable\flutter\bin;C:\Users\jhonn\AppData\Local\Microsoft\WindowsApps;C:\Microsoft VS Code\bin;C:\cursor\resources\app\bin
USERNAME=jhonn
OS=Windows_NT
PROCESSOR_IDENTIFIER=Intel64 Family 6 Model 78 Stepping 3, GenuineIntel
TMP=C:\Users\jhonn\AppData\Local\Temp
TEMP=C:\Users\jhonn\AppData\Local\Temp




Periodic native trim disabled

---------------  S Y S T E M  ---------------

OS:
 Windows 10 , 64 bit Build 19041 (10.0.19041.5915)
OS uptime: 19 days 9:39 hours

CPU: total 4 (initial active 4) (2 cores per cpu, 2 threads per core) family 6 model 78 stepping 3 microcode 0xcc, cx8, cmov, fxsr, ht, mmx, 3dnowpref, sse, sse2, sse3, ssse3, sse4.1, sse4.2, popcnt, lzcnt, tsc, tscinvbit, avx, avx2, aes, erms, clmul, bmi1, bmi2, rtm, adx, fma, vzeroupper, clflush, clflushopt, rdtscp, f16c
Processor Information for the first 4 processors :
  Max Mhz: 2301, Current Mhz: 2300, Mhz Limit: 2277

Memory: 4k page, system-wide physical 4027M (53M free)
TotalPageFile size 16315M (AvailPageFile size 0M)
current process WorkingSet (physical memory assigned to process): 8M, peak: 266M
current process commit charge ("private bytes"): 340M, peak: 361M

vm_info: OpenJDK 64-Bit Server VM (21.0.9+10-LTS) for windows-amd64 JRE (21.0.9+10-LTS), built on 2025-10-21T00:00:00Z by "admin" with unknown MS VC++:1942

END.
